<?xml version="1.0" encoding="UTF-8"?>
<!-- Generated by org.testng.reporters.JUnitReportReporter -->
<testsuite hostname="DESKTOP-MAK1GAA" failures="0" tests="1" name="resources.pizzahut001" time="0.155" errors="0" timestamp="2023-05-01T11:22:03 IST" skipped="0">
  <testcase classname="resources.pizzahut001" name="testExecute" time="0.155"/>
  <system-out/>
</testsuite> <!-- resources.pizzahut001 -->
