<?xml version="1.0" encoding="UTF-8"?>
<!-- Generated by org.testng.reporters.JUnitReportReporter -->
<testsuite hostname="DESKTOP-MAK1GAA" failures="0" tests="1" name="TestNg.pizzahut001" time="11.921" errors="0" timestamp="2023-05-14T17:16:02 IST" skipped="0">
  <testcase classname="TestNg.pizzahut001" name="testExecutionPizzaHutWebPage" time="11.921"/>
  <system-out/>
</testsuite> <!-- TestNg.pizzahut001 -->
